This is pdfTeX, Version 3.141592653-2.6-1.40.22 (TeX Live 2022/dev/Debian) (preloaded format=pdflatex 2023.12.3)  16 MAR 2024 23:39
entering extended mode
 restricted \write18 enabled.
 %&-line parsing enabled.
**master.tex
(./master.tex
LaTeX2e <2021-11-15> patch level 1
L3 programming layer <2022-01-21>
(/usr/share/texlive/texmf-dist/tex/latex/base/report.cls
Document Class: report 2021/10/04 v1.4n Standard LaTeX document class
(/usr/share/texlive/texmf-dist/tex/latex/base/size10.clo
File: size10.clo 2021/10/04 v1.4n Standard LaTeX file (size option)
)
\c@part=\count185
\c@chapter=\count186
\c@section=\count187
\c@subsection=\count188
\c@subsubsection=\count189
\c@paragraph=\count190
\c@subparagraph=\count191
\c@figure=\count192
\c@table=\count193
\abovecaptionskip=\skip47
\belowcaptionskip=\skip48
\bibindent=\dimen138
)
(/usr/share/texlive/texmf-dist/tex/latex/graphics/graphicx.sty
Package: graphicx 2021/09/16 v1.2d Enhanced LaTeX Graphics (DPC,SPQR)

(/usr/share/texlive/texmf-dist/tex/latex/graphics/keyval.sty
Package: keyval 2014/10/28 v1.15 key=value parser (DPC)
\KV@toks@=\toks16
)
(/usr/share/texlive/texmf-dist/tex/latex/graphics/graphics.sty
Package: graphics 2021/03/04 v1.4d Standard LaTeX Graphics (DPC,SPQR)

(/usr/share/texlive/texmf-dist/tex/latex/graphics/trig.sty
Package: trig 2021/08/11 v1.11 sin cos tan (DPC)
)
(/usr/share/texlive/texmf-dist/tex/latex/graphics-cfg/graphics.cfg
File: graphics.cfg 2016/06/04 v1.11 sample graphics configuration
)
Package graphics Info: Driver file: pdftex.def on input line 107.

(/usr/share/texlive/texmf-dist/tex/latex/graphics-def/pdftex.def
File: pdftex.def 2020/10/05 v1.2a Graphics/color driver for pdftex
))
\Gin@req@height=\dimen139
\Gin@req@width=\dimen140
)
(/usr/share/texlive/texmf-dist/tex/latex/geometry/geometry.sty
Package: geometry 2020/01/02 v5.9 Page Geometry

(/usr/share/texlive/texmf-dist/tex/generic/iftex/ifvtex.sty
Package: ifvtex 2019/10/25 v1.7 ifvtex legacy package. Use iftex instead.

(/usr/share/texlive/texmf-dist/tex/generic/iftex/iftex.sty
Package: iftex 2020/03/06 v1.0d TeX engine tests
))
\Gm@cnth=\count194
\Gm@cntv=\count195
\c@Gm@tempcnt=\count196
\Gm@bindingoffset=\dimen141
\Gm@wd@mp=\dimen142
\Gm@odd@mp=\dimen143
\Gm@even@mp=\dimen144
\Gm@layoutwidth=\dimen145
\Gm@layoutheight=\dimen146
\Gm@layouthoffset=\dimen147
\Gm@layoutvoffset=\dimen148
\Gm@dimlist=\toks17
)
(/usr/share/texlive/texmf-dist/tex/latex/hyperref/hyperref.sty
Package: hyperref 2021-06-07 v7.00m Hypertext links for LaTeX

(/usr/share/texlive/texmf-dist/tex/generic/ltxcmds/ltxcmds.sty
Package: ltxcmds 2020-05-10 v1.25 LaTeX kernel commands for general use (HO)
)
(/usr/share/texlive/texmf-dist/tex/generic/pdftexcmds/pdftexcmds.sty
Package: pdftexcmds 2020-06-27 v0.33 Utility functions of pdfTeX for LuaTeX (HO
)

(/usr/share/texlive/texmf-dist/tex/generic/infwarerr/infwarerr.sty
Package: infwarerr 2019/12/03 v1.5 Providing info/warning/error messages (HO)
)
Package pdftexcmds Info: \pdf@primitive is available.
Package pdftexcmds Info: \pdf@ifprimitive is available.
Package pdftexcmds Info: \pdfdraftmode found.
)
(/usr/share/texlive/texmf-dist/tex/generic/kvsetkeys/kvsetkeys.sty
Package: kvsetkeys 2019/12/15 v1.18 Key value parser (HO)
)
(/usr/share/texlive/texmf-dist/tex/generic/kvdefinekeys/kvdefinekeys.sty
Package: kvdefinekeys 2019-12-19 v1.6 Define keys (HO)
)
(/usr/share/texlive/texmf-dist/tex/generic/pdfescape/pdfescape.sty
Package: pdfescape 2019/12/09 v1.15 Implements pdfTeX's escape features (HO)
)
(/usr/share/texlive/texmf-dist/tex/latex/hycolor/hycolor.sty
Package: hycolor 2020-01-27 v1.10 Color options for hyperref/bookmark (HO)
)
(/usr/share/texlive/texmf-dist/tex/latex/letltxmacro/letltxmacro.sty
Package: letltxmacro 2019/12/03 v1.6 Let assignment for LaTeX macros (HO)
)
(/usr/share/texlive/texmf-dist/tex/latex/auxhook/auxhook.sty
Package: auxhook 2019-12-17 v1.6 Hooks for auxiliary files (HO)
)
(/usr/share/texlive/texmf-dist/tex/latex/kvoptions/kvoptions.sty
Package: kvoptions 2020-10-07 v3.14 Key value format for package options (HO)
)
\@linkdim=\dimen149
\Hy@linkcounter=\count197
\Hy@pagecounter=\count198

(/usr/share/texlive/texmf-dist/tex/latex/hyperref/pd1enc.def
File: pd1enc.def 2021-06-07 v7.00m Hyperref: PDFDocEncoding definition (HO)
Now handling font encoding PD1 ...
... no UTF-8 mapping file for font encoding PD1
)
(/usr/share/texlive/texmf-dist/tex/latex/hyperref/hyperref-langpatches.def
File: hyperref-langpatches.def 2021-06-07 v7.00m Hyperref: patches for babel la
nguages
)
(/usr/share/texlive/texmf-dist/tex/generic/intcalc/intcalc.sty
Package: intcalc 2019/12/15 v1.3 Expandable calculations with integers (HO)
)
(/usr/share/texlive/texmf-dist/tex/generic/etexcmds/etexcmds.sty
Package: etexcmds 2019/12/15 v1.7 Avoid name clashes with e-TeX commands (HO)
)
\Hy@SavedSpaceFactor=\count199

(/usr/share/texlive/texmf-dist/tex/latex/hyperref/puenc.def
File: puenc.def 2021-06-07 v7.00m Hyperref: PDF Unicode definition (HO)
Now handling font encoding PU ...
... no UTF-8 mapping file for font encoding PU
)
Package hyperref Info: Option `colorlinks' set `true' on input line 4073.
Package hyperref Info: Hyper figures OFF on input line 4192.
Package hyperref Info: Link nesting OFF on input line 4197.
Package hyperref Info: Hyper index ON on input line 4200.
Package hyperref Info: Plain pages OFF on input line 4207.
Package hyperref Info: Backreferencing OFF on input line 4212.
Package hyperref Info: Implicit mode ON; LaTeX internals redefined.
Package hyperref Info: Bookmarks ON on input line 4445.
\c@Hy@tempcnt=\count266

(/usr/share/texlive/texmf-dist/tex/latex/url/url.sty
\Urlmuskip=\muskip16
Package: url 2013/09/16  ver 3.4  Verb mode for urls, etc.
)
LaTeX Info: Redefining \url on input line 4804.
\XeTeXLinkMargin=\dimen150

(/usr/share/texlive/texmf-dist/tex/generic/bitset/bitset.sty
Package: bitset 2019/12/09 v1.3 Handle bit-vector datatype (HO)

(/usr/share/texlive/texmf-dist/tex/generic/bigintcalc/bigintcalc.sty
Package: bigintcalc 2019/12/15 v1.5 Expandable calculations on big integers (HO
)
))
\Fld@menulength=\count267
\Field@Width=\dimen151
\Fld@charsize=\dimen152
Package hyperref Info: Hyper figures OFF on input line 6076.
Package hyperref Info: Link nesting OFF on input line 6081.
Package hyperref Info: Hyper index ON on input line 6084.
Package hyperref Info: backreferencing OFF on input line 6091.
Package hyperref Info: Link coloring ON on input line 6094.
Package hyperref Info: Link coloring with OCG OFF on input line 6101.
Package hyperref Info: PDF/A mode OFF on input line 6106.
LaTeX Info: Redefining \ref on input line 6146.
LaTeX Info: Redefining \pageref on input line 6150.

(/usr/share/texlive/texmf-dist/tex/latex/base/atbegshi-ltx.sty
Package: atbegshi-ltx 2021/01/10 v1.0c Emulation of the original atbegshi
package with kernel methods
)
\Hy@abspage=\count268
\c@Item=\count269
\c@Hfootnote=\count270
)
Package hyperref Info: Driver (autodetected): hpdftex.

(/usr/share/texlive/texmf-dist/tex/latex/hyperref/hpdftex.def
File: hpdftex.def 2021-06-07 v7.00m Hyperref driver for pdfTeX

(/usr/share/texlive/texmf-dist/tex/latex/base/atveryend-ltx.sty
Package: atveryend-ltx 2020/08/19 v1.0a Emulation of the original atveryend pac
kage
with kernel methods
)
\Fld@listcount=\count271
\c@bookmark@seq@number=\count272

(/usr/share/texlive/texmf-dist/tex/latex/rerunfilecheck/rerunfilecheck.sty
Package: rerunfilecheck 2019/12/05 v1.9 Rerun checks for auxiliary files (HO)

(/usr/share/texlive/texmf-dist/tex/generic/uniquecounter/uniquecounter.sty
Package: uniquecounter 2019/12/15 v1.4 Provide unlimited unique counter (HO)
)
Package uniquecounter Info: New unique counter `rerunfilecheck' on input line 2
86.
)
\Hy@SectionHShift=\skip49
)
(/usr/share/texlive/texmf-dist/tex/generic/babel/babel.sty
Package: babel 2022/01/26 3.70 The Babel package
\babel@savecnt=\count273
\U@D=\dimen153
\l@unhyphenated=\language5

(/usr/share/texlive/texmf-dist/tex/generic/babel/txtbabel.def)
\bbl@readstream=\read2
\bbl@dirlevel=\count274

(/usr/share/texlive/texmf-dist/tex/generic/babel-french/french.ldf
Language: french 2021/07/20 v3.5m French support from the babel system
Package babel Info: Hyphen rules for 'acadian' set to \l@french
(babel)             (\language3). Reported on input line 91.
Package babel Info: Hyphen rules for 'canadien' set to \l@french
(babel)             (\language3). Reported on input line 92.
\FB@nonchar=\count275
Package babel Info: Making : an active character on input line 430.
Package babel Info: Making ; an active character on input line 431.
Package babel Info: Making ! an active character on input line 432.
Package babel Info: Making ? an active character on input line 433.
\FBguill@level=\count276
\FBold@everypar=\toks18
\FB@Mht=\dimen154
\mc@charclass=\count277
\mc@charfam=\count278
\mc@charslot=\count279
\std@mcc=\count280
\dec@mcc=\count281
\listindentFB=\dimen155
\descindentFB=\dimen156
\labelindentFB=\dimen157
\labelwidthFB=\dimen158
\leftmarginFB=\dimen159
\parindentFFN=\dimen160
\FBfnindent=\dimen161
))
(/usr/share/texlive/texmf-dist/tex/latex/carlisle/scalefnt.sty)
(/usr/share/texlive/texmf-dist/tex/latex/base/fontenc.sty
Package: fontenc 2021/04/29 v2.0v Standard LaTeX package
)
(/usr/share/texlive/texmf-dist/tex/latex/base/inputenc.sty
Package: inputenc 2021/02/14 v1.3d Input encoding file
\inpenc@prehook=\toks19
\inpenc@posthook=\toks20
)
(/usr/share/texlive/texmf-dist/tex/latex/preprint/authblk.sty
Package: authblk 2001/02/27 1.3 (PWD)
\affilsep=\skip50
\@affilsep=\skip51
\c@Maxaffil=\count282
\c@authors=\count283
\c@affil=\count284
)
(/usr/share/texlive/texmf-dist/tex/latex/subfiles/subfiles.sty
Package: subfiles 2020/11/14 v2.2 Multi-file projects (package)

(/usr/share/texlive/texmf-dist/tex/latex/import/import.sty
Package: import 2020/04/01  v 6.2
))
(/usr/share/texlive/texmf-dist/tex/latex/float/float.sty
Package: float 2001/11/08 v1.3d Float enhancements (AL)
\c@float@type=\count285
\float@exts=\toks21
\float@box=\box50
\@float@everytoks=\toks22
\@floatcapt=\box51
)
(/usr/share/texlive/texmf-dist/tex/latex/l3backend/l3backend-pdftex.def
File: l3backend-pdftex.def 2022-01-12 L3 backend support: PDF output (pdfTeX)
\l__color_backend_stack_int=\count286
\l__pdf_internal_box=\box52
)
(./master.aux

LaTeX Warning: Label `fig:seq_match_server' multiply defined.


LaTeX Warning: Label `fig:seq_match_server' multiply defined.


LaTeX Warning: Label `fig:seq_match_server' multiply defined.


LaTeX Warning: Label `fig:seq_match_server' multiply defined.


LaTeX Warning: Label `fig:seq_match_server' multiply defined.


LaTeX Warning: Label `fig:seq_match_server' multiply defined.


LaTeX Warning: Label `fig:seq_match_server' multiply defined.


LaTeX Warning: Label `fig:seq_match_server' multiply defined.


LaTeX Warning: Label `fig:seq_match_client' multiply defined.


LaTeX Warning: Label `fig:seq_match_client' multiply defined.


LaTeX Warning: Label `fig:seq_match_client' multiply defined.


LaTeX Warning: Label `fig:seq_match_server' multiply defined.

)
\openout1 = `master.aux'.

LaTeX Font Info:    Checking defaults for OML/cmm/m/it on input line 29.
LaTeX Font Info:    ... okay on input line 29.
LaTeX Font Info:    Checking defaults for OMS/cmsy/m/n on input line 29.
LaTeX Font Info:    ... okay on input line 29.
LaTeX Font Info:    Checking defaults for OT1/cmr/m/n on input line 29.
LaTeX Font Info:    ... okay on input line 29.
LaTeX Font Info:    Checking defaults for T1/cmr/m/n on input line 29.
LaTeX Font Info:    ... okay on input line 29.
LaTeX Font Info:    Checking defaults for TS1/cmr/m/n on input line 29.
LaTeX Font Info:    ... okay on input line 29.
LaTeX Font Info:    Checking defaults for OMX/cmex/m/n on input line 29.
LaTeX Font Info:    ... okay on input line 29.
LaTeX Font Info:    Checking defaults for U/cmr/m/n on input line 29.
LaTeX Font Info:    ... okay on input line 29.
LaTeX Font Info:    Checking defaults for PD1/pdf/m/n on input line 29.
LaTeX Font Info:    ... okay on input line 29.
LaTeX Font Info:    Checking defaults for PU/pdf/m/n on input line 29.
LaTeX Font Info:    ... okay on input line 29.
 (/usr/share/texlive/texmf-dist/tex/context/base/mkii/supp-pdf.mkii
[Loading MPS to PDF converter (version 2006.09.02).]
\scratchcounter=\count287
\scratchdimen=\dimen162
\scratchbox=\box53
\nofMPsegments=\count288
\nofMParguments=\count289
\everyMPshowfont=\toks23
\MPscratchCnt=\count290
\MPscratchDim=\dimen163
\MPnumerator=\count291
\makeMPintoPDFobject=\count292
\everyMPtoPDFconversion=\toks24
) (/usr/share/texlive/texmf-dist/tex/latex/epstopdf-pkg/epstopdf-base.sty
Package: epstopdf-base 2020-01-24 v2.11 Base part for package epstopdf
Package epstopdf-base Info: Redefining graphics rule for `.eps' on input line 4
85.

(/usr/share/texlive/texmf-dist/tex/latex/latexconfig/epstopdf-sys.cfg
File: epstopdf-sys.cfg 2010/07/13 v1.3 Configuration of (r)epstopdf for TeX Liv
e
))
*geometry* driver: auto-detecting
*geometry* detected driver: pdftex
*geometry* verbose mode - [ preamble ] result:
* driver: pdftex
* paper: a4paper
* layout: <same size as paper>
* layoutoffset:(h,v)=(0.0pt,0.0pt)
* modes: 
* h-part:(L,W,R)=(81.94394pt, 433.62pt, 81.94394pt)
* v-part:(T,H,B)=(106.75473pt, 578.15999pt, 160.13213pt)
* \paperwidth=597.50787pt
* \paperheight=845.04684pt
* \textwidth=433.62pt
* \textheight=578.15999pt
* \oddsidemargin=9.67395pt
* \evensidemargin=9.67395pt
* \topmargin=-2.51526pt
* \headheight=12.0pt
* \headsep=25.0pt
* \topskip=10.0pt
* \footskip=30.0pt
* \marginparwidth=65.0pt
* \marginparsep=11.0pt
* \columnsep=10.0pt
* \skip\footins=9.0pt plus 4.0pt minus 2.0pt
* \hoffset=0.0pt
* \voffset=0.0pt
* \mag=1000
* \@twocolumnfalse
* \@twosidefalse
* \@mparswitchfalse
* \@reversemarginfalse
* (1in=72.27pt=25.4mm, 1cm=28.453pt)

(/usr/share/texlive/texmf-dist/tex/latex/graphics/color.sty
Package: color 2021/12/07 v1.3c Standard LaTeX Color (DPC)

(/usr/share/texlive/texmf-dist/tex/latex/graphics-cfg/color.cfg
File: color.cfg 2016/01/02 v1.6 sample color configuration
)
Package color Info: Driver file: pdftex.def on input line 149.
)
Package hyperref Info: Link coloring ON on input line 29.

(/usr/share/texlive/texmf-dist/tex/latex/hyperref/nameref.sty
Package: nameref 2021-04-02 v2.47 Cross-referencing by name of section

(/usr/share/texlive/texmf-dist/tex/latex/refcount/refcount.sty
Package: refcount 2019/12/15 v3.6 Data extraction from label references (HO)
)
(/usr/share/texlive/texmf-dist/tex/generic/gettitlestring/gettitlestring.sty
Package: gettitlestring 2019/12/15 v1.6 Cleanup title references (HO)
)
\c@section@level=\count293
)
LaTeX Info: Redefining \ref on input line 29.
LaTeX Info: Redefining \pageref on input line 29.
LaTeX Info: Redefining \nameref on input line 29.

(./master.out) (./master.out)
\@outlinefile=\write3
\openout3 = `master.out'.

LaTeX Info: Redefining \degres on input line 29.
LaTeX Info: Redefining \up on input line 29.
 [1

{/var/lib/texmf/fonts/map/pdftex/updmap/pdftex.map}] (./master.toc
LaTeX Font Info:    External font `cmex10' loaded for size
(Font)              <7> on input line 3.
LaTeX Font Info:    External font `cmex10' loaded for size
(Font)              <5> on input line 3.
pdfTeX warning (ext4): destination with the same identifier (name{page.1}) has 
been already used, duplicate ignored
<to be read again> 
                   \relax 
l.43 ...4.2.7}Boucle de jeu}{24}{subsection.4.2.7}
                                                  % [1

])
\tf@toc=\write4
\openout4 = `master.toc'.

 (./introduction.tex
[2]
Chapitre 1.
(./introduction/but.tex
Underfull \hbox (badness 10000) in paragraph at lines 4--9

 []


Underfull \hbox (badness 10000) in paragraph at lines 10--11

 []


Underfull \hbox (badness 10000) in paragraph at lines 12--17

 []


Underfull \hbox (badness 10000) in paragraph at lines 18--26

 []


Underfull \hbox (badness 10000) in paragraph at lines 27--28

 []

) (./introduction/glossaire.tex [3

]) (./introduction/historique.tex))
(./besoins_user.tex [4]
Chapitre 2.
(./besoins_user/connexion.tex
<besoins_user//img_fonctionnel/use_case_user_connexion.png, id=219, 582.175pt x
 260.975pt>
File: besoins_user//img_fonctionnel/use_case_user_connexion.png Graphic file (t
ype png)
<use besoins_user//img_fonctionnel/use_case_user_connexion.png>
Package pdftex.def Info: besoins_user//img_fonctionnel/use_case_user_connexion.
png  used on input line 6.
(pdftex.def)             Requested size: 349.3077pt x 156.5862pt.
 [5

pdfTeX warning (ext4): destination with the same identifier (name{figure.2.1}) 
has been already used, duplicate ignored
<argument> ...shipout:D \box_use:N \l_shipout_box 
                                                  \__shipout_drop_firstpage_...
l.14   \newpage
                <./besoins_user//img_fonctionnel/use_case_user_connexion.png (P
NG copy)>]) (./besoins_user/menu_principal.tex
<besoins_user//img_fonctionnel/use_case_user_ecran_principal.png, id=226, 973.6
375pt x 411.5375pt>
File: besoins_user//img_fonctionnel/use_case_user_ecran_principal.png Graphic f
ile (type png)
<use besoins_user//img_fonctionnel/use_case_user_ecran_principal.png>
Package pdftex.def Info: besoins_user//img_fonctionnel/use_case_user_ecran_prin
cipal.png  used on input line 7.
(pdftex.def)             Requested size: 486.81755pt x 205.76825pt.

Overfull \hbox (53.19756pt too wide) in paragraph at lines 7--9
 [][] 
 []

[6pdfTeX warning (ext4): destination with the same identifier (name{figure.2.2}
) has been already used, duplicate ignored
<argument> ...shipout:D \box_use:N \l_shipout_box 
                                                  \__shipout_drop_firstpage_...
l.40     \item a
                jouter un ami a sa liste <./besoins_user//img_fonctionnel/use_c
ase_user_ecran_principal.png (PNG copy)>]) (./besoins_user/partie.tex
<besoins_user//img_fonctionnel/use_case_user_ecran_partie.png, id=234, 662.475p
t x 321.2pt>
File: besoins_user//img_fonctionnel/use_case_user_ecran_partie.png Graphic file
 (type png)
<use besoins_user//img_fonctionnel/use_case_user_ecran_partie.png>
Package pdftex.def Info: besoins_user//img_fonctionnel/use_case_user_ecran_part
ie.png  used on input line 17.
(pdftex.def)             Requested size: 397.48807pt x 192.72148pt.
 [7pdfTeX warning (ext4): destination with the same identifier (name{figure.2.3
}) has been already used, duplicate ignored
<argument> ...shipout:D \box_use:N \l_shipout_box 
                                                  \__shipout_drop_firstpage_...
l.25     \item 1
                 porte-avion (5 cases) <./besoins_user//img_fonctionnel/use_cas
e_user_ecran_partie.png (PNG copy)>] [8])) (./besoins_sys.tex [9]
Chapitre 3.
(./besoins_sys/connexion.tex
<besoins_sys//img_fonctionnel/use_case_systeme_connexion.png, id=252, 712.6625p
t x 240.9pt>
File: besoins_sys//img_fonctionnel/use_case_systeme_connexion.png Graphic file 
(type png)
<use besoins_sys//img_fonctionnel/use_case_systeme_connexion.png>
Package pdftex.def Info: besoins_sys//img_fonctionnel/use_case_systeme_connexio
n.png  used on input line 11.
(pdftex.def)             Requested size: 427.6008pt x 144.5411pt.
 [10

pdfTeX warning (ext4): destination with the same identifier (name{figure.3.1}) 
has been already used, duplicate ignored
<argument> ...shipout:D \box_use:N \l_shipout_box 
                                                  \__shipout_drop_firstpage_...
l.15 \newpage
              <./besoins_sys//img_fonctionnel/use_case_systeme_connexion.png (P
NG copy)>]) (./besoins_sys/match_making.tex
<besoins_sys//img_fonctionnel/usecas_sys_matchmaking.png, id=258, 873.2625pt x 
391.4625pt>
File: besoins_sys//img_fonctionnel/usecas_sys_matchmaking.png Graphic file (typ
e png)
<use besoins_sys//img_fonctionnel/usecas_sys_matchmaking.png>
Package pdftex.def Info: besoins_sys//img_fonctionnel/usecas_sys_matchmaking.pn
g  used on input line 13.
(pdftex.def)             Requested size: 523.96153pt x 234.8793pt.

Overfull \hbox (90.34154pt too wide) in paragraph at lines 13--15
 [][] 
 []

) (./besoins_sys/partie.tex)) (./design_fonctionnement_sys.tex [11pdfTeX warnin
g (ext4): destination with the same identifier (name{figure.3.2}) has been alre
ady used, duplicate ignored
<argument> ...shipout:D \box_use:N \l_shipout_box 
                                                  \__shipout_drop_firstpage_...
l.7 \chapter
            {Design et fonctionnement du Système} <./besoins_sys//img_fonction
nel/usecas_sys_matchmaking.png (PNG copy)>]
Chapitre 4.
(./design_fonctionnement_sys/design_sys.tex
Underfull \hbox (badness 10000) in paragraph at lines 14--16

 []


Underfull \hbox (badness 10000) in paragraph at lines 26--28

 []

[12

]
<design_fonctionnement_sys//img_design/client_design.png, id=269, 1094.0875pt x
 682.55pt>
File: design_fonctionnement_sys//img_design/client_design.png Graphic file (typ
e png)
<use design_fonctionnement_sys//img_design/client_design.png>
Package pdftex.def Info: design_fonctionnement_sys//img_design/client_design.pn
g  used on input line 44.
(pdftex.def)             Requested size: 437.62724pt x 273.01517pt.

Overfull \hbox (4.00725pt too wide) in paragraph at lines 44--46
 [][] 
 []

[13pdfTeX warning (ext4): destination with the same identifier (name{figure.4.1
}) has been already used, duplicate ignored
<argument> ...shipout:D \box_use:N \l_shipout_box 
                                                  \__shipout_drop_firstpage_...
l.49 \newpage
              <./design_fonctionnement_sys//img_design/client_design.png (PNG c
opy)>]
<design_fonctionnement_sys//img_design/4.2_login_register_design.png, id=275, 1
334.9875pt x 592.2125pt>
File: design_fonctionnement_sys//img_design/4.2_login_register_design.png Graph
ic file (type png)
<use design_fonctionnement_sys//img_design/4.2_login_register_design.png>
Package pdftex.def Info: design_fonctionnement_sys//img_design/4.2_login_regist
er_design.png  used on input line 55.
(pdftex.def)             Requested size: 400.49934pt x 177.66512pt.
<design_fonctionnement_sys//img_design/4.4_mainmenu_design.png, id=276, 1385.17
5pt x 411.5375pt>
File: design_fonctionnement_sys//img_design/4.4_mainmenu_design.png Graphic fil
e (type png)
<use design_fonctionnement_sys//img_design/4.4_mainmenu_design.png>
Package pdftex.def Info: design_fonctionnement_sys//img_design/4.4_mainmenu_des
ign.png  used on input line 64.
(pdftex.def)             Requested size: 415.55571pt x 123.4622pt.
 [14pdfTeX warning (ext4): destination with the same identifier (name{figure.4.
2}) has been already used, duplicate ignored
<argument> ...shipout:D \box_use:N \l_shipout_box 
                                                  \__shipout_drop_firstpage_...
l.69 \newpage
             pdfTeX warning (ext4): destination with the same identifier (name{
figure.4.3}) has been already used, duplicate ignored
<argument> ...shipout:D \box_use:N \l_shipout_box 
                                                  \__shipout_drop_firstpage_...
l.69 \newpage
              <./design_fonctionnement_sys//img_design/4.2_login_register_desig
n.png (PNG copy)> <./design_fonctionnement_sys//img_design/4.4_mainmenu_design.
png (PNG copy)>]
<design_fonctionnement_sys//img_design/mode_commandant.png, id=283, 1023.825pt 
x 933.4875pt>
File: design_fonctionnement_sys//img_design/mode_commandant.png Graphic file (t
ype png)
<use design_fonctionnement_sys//img_design/mode_commandant.png>
Package pdftex.def Info: design_fonctionnement_sys//img_design/mode_commandant.
png  used on input line 75.
(pdftex.def)             Requested size: 409.52274pt x 373.38838pt.
 [15pdfTeX warning (ext4): destination with the same identifier (name{figure.4.
4}) has been already used, duplicate ignored
<argument> ...shipout:D \box_use:N \l_shipout_box 
                                                  \__shipout_drop_firstpage_...
l.80 \newpage
              <./design_fonctionnement_sys//img_design/mode_commandant.png (PNG
 copy)>]
<design_fonctionnement_sys//img_design/4.6_lobby_design.png, id=289, 1525.7pt x
 471.7625pt>
File: design_fonctionnement_sys//img_design/4.6_lobby_design.png Graphic file (
type png)
<use design_fonctionnement_sys//img_design/4.6_lobby_design.png>
Package pdftex.def Info: design_fonctionnement_sys//img_design/4.6_lobby_design
.png  used on input line 84.
(pdftex.def)             Requested size: 457.71353pt x 141.52983pt.

Overfull \hbox (24.09354pt too wide) in paragraph at lines 84--86
 [][] 
 []

<design_fonctionnement_sys//img_design/4.7_chat_design.png, id=290, 963.6pt x 5
31.9875pt>
File: design_fonctionnement_sys//img_design/4.7_chat_design.png Graphic file (t
ype png)
<use design_fonctionnement_sys//img_design/4.7_chat_design.png>
Package pdftex.def Info: design_fonctionnement_sys//img_design/4.7_chat_design.
png  used on input line 93.
(pdftex.def)             Requested size: 289.08223pt x 159.59747pt.
[16pdfTeX warning (ext4): destination with the same identifier (name{figure.4.5
}) has been already used, duplicate ignored
<argument> ...shipout:D \box_use:N \l_shipout_box 
                                                  \__shipout_drop_firstpage_...
l.98 \newpage
             pdfTeX warning (ext4): destination with the same identifier (name{
figure.4.6}) has been already used, duplicate ignored
<argument> ...shipout:D \box_use:N \l_shipout_box 
                                                  \__shipout_drop_firstpage_...
l.98 \newpage
              <./design_fonctionnement_sys//img_design/4.6_lobby_design.png (PN
G copy)> <./design_fonctionnement_sys//img_design/4.7_chat_design.png (PNG copy
)>]
<design_fonctionnement_sys//img_design/4.8_affichage_game.png, id=298, 1786.675
pt x 923.45pt>
File: design_fonctionnement_sys//img_design/4.8_affichage_game.png Graphic file
 (type png)
<use design_fonctionnement_sys//img_design/4.8_affichage_game.png>
Package pdftex.def Info: design_fonctionnement_sys//img_design/4.8_affichage_ga
me.png  used on input line 106.
(pdftex.def)             Requested size: 357.32867pt x 184.68672pt.
 [17pdfTeX warning (ext4): destination with the same identifier (name{figure.4.
7}) has been already used, duplicate ignored
<argument> ...shipout:D \box_use:N \l_shipout_box 
                                                  \__shipout_drop_firstpage_...
l.111 \newpage
               <./design_fonctionnement_sys//img_design/4.8_affichage_game.png 
(PNG copy)>]
<design_fonctionnement_sys//img_design/4.9.1_game_server_design.png, id=305, 15
35.7375pt x 752.8125pt>
File: design_fonctionnement_sys//img_design/4.9.1_game_server_design.png Graphi
c file (type png)
<use design_fonctionnement_sys//img_design/4.9.1_game_server_design.png>
Package pdftex.def Info: design_fonctionnement_sys//img_design/4.9.1_game_serve
r_design.png  used on input line 118.
(pdftex.def)             Requested size: 460.72481pt x 225.84549pt.

Overfull \hbox (27.10481pt too wide) in paragraph at lines 118--120
 [][] 
 []

[18pdfTeX warning (ext4): destination with the same identifier (name{figure.4.8
}) has been already used, duplicate ignored
<argument> ...shipout:D \box_use:N \l_shipout_box 
                                                  \__shipout_drop_firstpage_...
l.123 \newpage
               <./design_fonctionnement_sys//img_design/4.9.1_game_server_desig
n.png (PNG copy)>]
<design_fonctionnement_sys//img_design/4.9.2_board_design.png, id=313, 1535.737
5pt x 772.8875pt>
File: design_fonctionnement_sys//img_design/4.9.2_board_design.png Graphic file
 (type png)
<use design_fonctionnement_sys//img_design/4.9.2_board_design.png>
Package pdftex.def Info: design_fonctionnement_sys//img_design/4.9.2_board_desi
gn.png  used on input line 129.
(pdftex.def)             Requested size: 460.72481pt x 231.86803pt.

Overfull \hbox (27.10481pt too wide) in paragraph at lines 129--131
 [][] 
 []

[19pdfTeX warning (ext4): destination with the same identifier (name{figure.4.9
}) has been already used, duplicate ignored
<argument> ...shipout:D \box_use:N \l_shipout_box 
                                                  \__shipout_drop_firstpage_...
l.134 \newpage
               <./design_fonctionnement_sys//img_design/4.9.2_board_design.png 
(PNG copy)>]
<design_fonctionnement_sys//img_design/dia_db.png, id=320, 1856.9375pt x 481.8p
t>
File: design_fonctionnement_sys//img_design/dia_db.png Graphic file (type png)
<use design_fonctionnement_sys//img_design/dia_db.png>
Package pdftex.def Info: design_fonctionnement_sys//img_design/dia_db.png  used
 on input line 143.
(pdftex.def)             Requested size: 464.23325pt x 120.44969pt.

Overfull \hbox (30.61325pt too wide) in paragraph at lines 143--145
 [][] 
 []

) (./design_fonctionnement_sys/fonctionnement_sys.tex
LaTeX Font Info:    Trying to load font information for T1+cmtt on input line 8
.

(/usr/share/texlive/texmf-dist/tex/latex/base/t1cmtt.fd
File: t1cmtt.fd 2019/12/16 v2.5j Standard LaTeX font definitions
) [20pdfTeX warning (ext4): destination with the same identifier (name{figure.4
.10}) has been already used, duplicate ignored
<argument> ...shipout:D \box_use:N \l_shipout_box 
                                                  \__shipout_drop_firstpage_...
l.23 
      <./design_fonctionnement_sys//img_design/dia_db.png (PNG copy)>]
<design_fonctionnement_sys//img_design/inscription_fonctionnement.png, id=328, 
1184.425pt x 692.5875pt>
File: design_fonctionnement_sys//img_design/inscription_fonctionnement.png Grap
hic file (type png)
<use design_fonctionnement_sys//img_design/inscription_fonctionnement.png>
Package pdftex.def Info: design_fonctionnement_sys//img_design/inscription_fonc
tionnement.png  used on input line 38.
(pdftex.def)             Requested size: 473.76161pt x 277.03009pt.

Overfull \hbox (40.14162pt too wide) in paragraph at lines 38--40
 [][] 
 []

[21pdfTeX warning (ext4): destination with the same identifier (name{figure.4.1
1}) has been already used, duplicate ignored
<argument> ...shipout:D \box_use:N \l_shipout_box 
                                                  \__shipout_drop_firstpage_...
l.42 \newpage
              <./design_fonctionnement_sys//img_design/inscription_fonctionneme
nt.png (PNG copy)>]
<design_fonctionnement_sys//img_design/login_fonctionnement.png, id=334, 702.62
5pt x 311.1625pt>
File: design_fonctionnement_sys//img_design/login_fonctionnement.png Graphic fi
le (type png)
<use design_fonctionnement_sys//img_design/login_fonctionnement.png>
Package pdftex.def Info: design_fonctionnement_sys//img_design/login_fonctionne
ment.png  used on input line 51.
(pdftex.def)             Requested size: 281.04501pt x 124.46278pt.
<design_fonctionnement_sys//img_design/Chat_DS.png, id=335, 534.19576pt x 151.7
67pt>
File: design_fonctionnement_sys//img_design/Chat_DS.png Graphic file (type png)

<use design_fonctionnement_sys//img_design/Chat_DS.png>
Package pdftex.def Info: design_fonctionnement_sys//img_design/Chat_DS.png  use
d on input line 67.
(pdftex.def)             Requested size: 160.25996pt x 45.53044pt.
<design_fonctionnement_sys//img_design/PreLoby.jpg, id=337, 1409.265pt x 1023.8
25pt>
File: design_fonctionnement_sys//img_design/PreLoby.jpg Graphic file (type jpg)

<use design_fonctionnement_sys//img_design/PreLoby.jpg>
Package pdftex.def Info: design_fonctionnement_sys//img_design/PreLoby.jpg  use
d on input line 77.
(pdftex.def)             Requested size: 422.78276pt x 307.14987pt.
 [22pdfTeX warning (ext4): destination with the same identifier (name{figure.4.
12}) has been already used, duplicate ignored
<argument> ...shipout:D \box_use:N \l_shipout_box 
                                                  \__shipout_drop_firstpage_...
l.81 
     pdfTeX warning (ext4): destination with the same identifier (name{figure.4
.13}) has been already used, duplicate ignored
<argument> ...shipout:D \box_use:N \l_shipout_box 
                                                  \__shipout_drop_firstpage_...
l.81 
      <./design_fonctionnement_sys//img_design/login_fonctionnement.png (PNG co
py)> <./design_fonctionnement_sys//img_design/Chat_DS.png>] [23pdfTeX warning (
ext4): destination with the same identifier (name{figure.4.14}) has been alread
y used, duplicate ignored
<argument> ...shipout:D \box_use:N \l_shipout_box 
                                                  \__shipout_drop_firstpage_...
l.82 \newpage
              <./design_fonctionnement_sys//img_design/PreLoby.jpg>]
<design_fonctionnement_sys//img_design/PreGame.jpg, id=350, 1150.2975pt x 896.3
4875pt>
File: design_fonctionnement_sys//img_design/PreGame.jpg Graphic file (type jpg)

<use design_fonctionnement_sys//img_design/PreGame.jpg>
Package pdftex.def Info: design_fonctionnement_sys//img_design/PreGame.jpg  use
d on input line 91.
(pdftex.def)             Requested size: 460.11086pt x 358.53316pt.

Overfull \hbox (26.49086pt too wide) in paragraph at lines 91--93
 [][] 
 []

[24pdfTeX warning (ext4): destination with the same identifier (name{figure.4.1
5}) has been already used, duplicate ignored
<argument> ...shipout:D \box_use:N \l_shipout_box 
                                                  \__shipout_drop_firstpage_...
l.95 \newpage
              <./design_fonctionnement_sys//img_design/PreGame.jpg>]
<design_fonctionnement_sys//img_design/Game.jpg, id=357, 1021.8175pt x 920.4387
5pt>
File: design_fonctionnement_sys//img_design/Game.jpg Graphic file (type jpg)
<use design_fonctionnement_sys//img_design/Game.jpg>
Package pdftex.def Info: design_fonctionnement_sys//img_design/Game.jpg  used o
n input line 108.
(pdftex.def)             Requested size: 306.54762pt x 276.13376pt.
)) [25pdfTeX warning (ext4): destination with the same identifier (name{figure.
4.16}) has been already used, duplicate ignored
<argument> ...shipout:D \box_use:N \l_shipout_box 
                                                  \__shipout_drop_firstpage_...
l.36 \end{document}
                    <./design_fonctionnement_sys//img_design/Game.jpg>]
(./master.aux)

LaTeX Warning: There were multiply-defined labels.


Package rerunfilecheck Warning: File `master.out' has changed.
(rerunfilecheck)                Rerun to get outlines right
(rerunfilecheck)                or use package `bookmark'.

Package rerunfilecheck Info: Checksums for `master.out':
(rerunfilecheck)             Before: BF2869AC8B53465A398009487EE7A210;4794
(rerunfilecheck)             After:  965C08492D2B20B1CA76A40D72BE010A;4906.
 ) 
Here is how much of TeX's memory you used:
 11276 strings out of 480218
 186619 string characters out of 5894882
 488616 words of memory out of 5000000
 28927 multiletter control sequences out of 15000+600000
 480104 words of font info for 43 fonts, out of 8000000 for 9000
 14 hyphenation exceptions out of 8191
 60i,8n,63p,402b,563s stack positions out of 5000i,500n,10000p,200000b,80000s
 </home/manon/.texlive2021/texmf-var/fonts/pk/ljfour/jknappen/ec/ectt1000.600
pk> </home/manon/.texlive2021/texmf-var/fonts/pk/ljfour/jknappen/ec/ecti1000.60
0pk> </home/manon/.texlive2021/texmf-var/fonts/pk/ljfour/jknappen/ec/ecbx1200.6
00pk> </home/manon/.texlive2021/texmf-var/fonts/pk/ljfour/jknappen/ec/eccc1000.
600pk> </home/manon/.texlive2021/texmf-var/fonts/pk/ljfour/jknappen/ec/ecbx1440
.600pk> </home/manon/.texlive2021/texmf-var/fonts/pk/ljfour/jknappen/ec/ecbx207
4.600pk> </home/manon/.texlive2021/texmf-var/fonts/pk/ljfour/jknappen/ec/ecrm10
00.600pk> </home/manon/.texlive2021/texmf-var/fonts/pk/ljfour/jknappen/ec/ecbx1
000.600pk> </home/manon/.texlive2021/texmf-var/fonts/pk/ljfour/jknappen/ec/ecbx
2488.600pk> </home/manon/.texlive2021/texmf-var/fonts/pk/ljfour/jknappen/ec/ecr
m1200.600pk> </home/manon/.texlive2021/texmf-var/fonts/pk/ljfour/jknappen/ec/ec
ti1728.600pk> </home/manon/.texlive2021/texmf-var/fonts/pk/ljfour/jknappen/ec/e
crm1728.600pk>
Output written on master.pdf (26 pages, 1798786 bytes).
PDF statistics:
 821 PDF objects out of 1000 (max. 8388607)
 371 compressed objects within 4 object streams
 91 named destinations out of 1000 (max. 500000)
 402 words of extra memory for PDF output out of 10000 (max. 10000000)

